<?xml version="1.0" encoding="UTF-8"?>
<coverage generated="1667713515813" clover="3.2.0">
  <project timestamp="1667713515813" name="All files">
    <metrics statements="19" coveredstatements="19" conditionals="6" coveredconditionals="6" methods="3" coveredmethods="3" elements="28" coveredelements="28" complexity="0" loc="19" ncloc="19" packages="1" files="1" classes="1"/>
    <file name="Field.ts" path="C:\Users\franco\Desktop\relocation-focus\minesweeper\src\helpers\Field.ts">
      <metrics statements="19" coveredstatements="19" conditionals="6" coveredconditionals="6" methods="3" coveredmethods="3"/>
      <line num="19" count="1" type="stmt"/>
      <line num="27" count="1" type="stmt"/>
      <line num="39" count="1" type="stmt"/>
      <line num="42" count="15" type="stmt"/>
      <line num="44" count="1" type="stmt"/>
      <line num="45" count="5" type="cond" truecount="3" falsecount="0"/>
      <line num="46" count="2" type="stmt"/>
      <line num="49" count="3" type="stmt"/>
      <line num="50" count="3" type="stmt"/>
      <line num="52" count="3" type="stmt"/>
      <line num="54" count="3" type="stmt"/>
      <line num="55" count="3" type="stmt"/>
      <line num="56" count="3" type="cond" truecount="1" falsecount="0"/>
      <line num="57" count="2" type="stmt"/>
      <line num="59" count="1" type="cond" truecount="1" falsecount="0"/>
      <line num="60" count="1" type="stmt"/>
      <line num="61" count="1" type="stmt"/>
      <line num="63" count="1" type="stmt"/>
      <line num="67" count="1" type="stmt"/>
    </file>
  </project>
</coverage>
