{"C:\\Users\\franco\\Desktop\\relocation-focus\\minesweeper\\src\\helpers\\Field.ts": {"path":"C:\\Users\\franco\\Desktop\\relocation-focus\\minesweeper\\src\\helpers\\Field.ts","statementMap":{"0":{"start":{"line":19,"column":13},"end":{"line":25,"column":2}},"1":{"start":{"line":27,"column":13},"end":{"line":37,"column":2}},"2":{"start":{"line":39,"column":35},"end":{"line":42,"column":77}},"3":{"start":{"line":42,"column":12},"end":{"line":42,"column":77}},"4":{"start":{"line":42,"column":49},"end":{"line":42,"column":76}},"5":{"start":{"line":39,"column":13},"end":{"line":39,"column":35}},"6":{"start":{"line":44,"column":30},"end":{"line":68,"column":1}},"7":{"start":{"line":45,"column":4},"end":{"line":47,"column":null}},"8":{"start":{"line":46,"column":8},"end":{"line":46,"column":59}},"9":{"start":{"line":49,"column":27},"end":{"line":49,"column":38}},"10":{"start":{"line":50,"column":29},"end":{"line":50,"column":55}},"11":{"start":{"line":52,"column":26},"end":{"line":52,"column":51}},"12":{"start":{"line":54,"column":4},"end":{"line":65,"column":null}},"13":{"start":{"line":54,"column":17},"end":{"line":54,"column":18}},"14":{"start":{"line":55,"column":8},"end":{"line":64,"column":null}},"15":{"start":{"line":55,"column":21},"end":{"line":55,"column":22}},"16":{"start":{"line":56,"column":12},"end":{"line":58,"column":null}},"17":{"start":{"line":57,"column":16},"end":{"line":57,"column":30}},"18":{"start":{"line":59,"column":12},"end":{"line":62,"column":null}},"19":{"start":{"line":60,"column":16},"end":{"line":60,"column":46}},"20":{"start":{"line":61,"column":16},"end":{"line":61,"column":37}},"21":{"start":{"line":63,"column":12},"end":{"line":63,"column":31}},"22":{"start":{"line":67,"column":4},"end":{"line":67,"column":18}},"23":{"start":{"line":44,"column":13},"end":{"line":44,"column":30}}},"fnMap":{"0":{"name":"(anonymous_0)","decl":{"start":{"line":39,"column":35},"end":{"line":39,"column":null}},"loc":{"start":{"line":42,"column":12},"end":{"line":42,"column":77}}},"1":{"name":"(anonymous_1)","decl":{"start":{"line":42,"column":43},"end":{"line":42,"column":46}},"loc":{"start":{"line":42,"column":49},"end":{"line":42,"column":76}}},"2":{"name":"(anonymous_2)","decl":{"start":{"line":44,"column":30},"end":{"line":44,"column":31}},"loc":{"start":{"line":44,"column":71},"end":{"line":68,"column":1}}}},"branchMap":{"0":{"loc":{"start":{"line":41,"column":4},"end":{"line":41,"column":33}},"type":"default-arg","locations":[{"start":{"line":41,"column":18},"end":{"line":41,"column":33}}]},"1":{"loc":{"start":{"line":45,"column":4},"end":{"line":47,"column":null}},"type":"if","locations":[{"start":{"line":45,"column":4},"end":{"line":47,"column":null}}]},"2":{"loc":{"start":{"line":45,"column":8},"end":{"line":45,"column":34}},"type":"binary-expr","locations":[{"start":{"line":45,"column":8},"end":{"line":45,"column":19}},{"start":{"line":45,"column":23},"end":{"line":45,"column":34}}]},"3":{"loc":{"start":{"line":56,"column":12},"end":{"line":58,"column":null}},"type":"if","locations":[{"start":{"line":56,"column":12},"end":{"line":58,"column":null}}]},"4":{"loc":{"start":{"line":59,"column":12},"end":{"line":62,"column":null}},"type":"if","locations":[{"start":{"line":59,"column":12},"end":{"line":62,"column":null}}]}},"s":{"0":1,"1":1,"2":1,"3":6,"4":15,"5":1,"6":1,"7":5,"8":2,"9":3,"10":3,"11":3,"12":3,"13":3,"14":3,"15":3,"16":3,"17":2,"18":1,"19":1,"20":1,"21":1,"22":1,"23":1},"f":{"0":6,"1":15,"2":5},"b":{"0":[5],"1":[2],"2":[5,4],"3":[2],"4":[1]}}
}
